ERROR: styles/compiled/cms-quotes-theme copy/child.css could not berendered or exportedWARNING: styles/compiled/cms-quotes-theme copy/templates/layouts/base.html rendered successfully, butdue to restrictions in rendering for a static environment, the rendered content is blank.
WARNING: styles/compiled/cms-quotes-theme copy/templates/proposal.html rendered successfully, butdue to restrictions in rendering for a static environment, the rendered content is blank.
WARNING: styles/compiled/flow quote child/templates/layouts/base.html rendered successfully, butdue to restrictions in rendering for a static environment, the rendered content is blank.
WARNING: styles/compiled/flow quote child/templates/proposal.html rendered successfully, butdue to restrictions in rendering for a static environment, the rendered content is blank.
WARNING: styles/compiled/EMAIL_DND_TEMPLATE/Email notification for Bryan for meetings .html rendered successfully, butdue to restrictions in rendering for a static environment, the rendered content is blank.
ERROR: styles/compiled//Test.css could not berendered or exportedWARNING: styles/compiled//Test template.html rendered successfully, butdue to restrictions in rendering for a static environment, the rendered content is blank.
WARNING: styles/compiled/EMAIL_DND_TEMPLATE/Meetingy On Hubspot.html rendered successfully, butdue to restrictions in rendering for a static environment, the rendered content is blank.
WARNING: styles/compiled/EMAIL_DND_TEMPLATE/Meeting And We Are Live.html rendered successfully, butdue to restrictions in rendering for a static environment, the rendered content is blank.
WARNING: styles/compiled/Training template/templates/system/membership-register.html rendered successfully, butdue to restrictions in rendering for a static environment, the rendered content is blank.
WARNING: styles/compiled/Training template/templates/about.html rendered successfully, butdue to restrictions in rendering for a static environment, the rendered content is blank.
WARNING: styles/compiled/Training template/sections/breadcrumb.html rendered successfully, butdue to restrictions in rendering for a static environment, the rendered content is blank.
WARNING: styles/compiled/Training template/templates/landing-page.html rendered successfully, butdue to restrictions in rendering for a static environment, the rendered content is blank.
WARNING: styles/compiled/Training template/sections/cta-banner.html rendered successfully, butdue to restrictions in rendering for a static environment, the rendered content is blank.
WARNING: styles/compiled/Training template/sections/landing-form.html rendered successfully, butdue to restrictions in rendering for a static environment, the rendered content is blank.
WARNING: styles/compiled/Training template/templates/system/subscription-preferences.html rendered successfully, butdue to restrictions in rendering for a static environment, the rendered content is blank.
WARNING: styles/compiled/Training template/sections/funfact-with-icon.html rendered successfully, butdue to restrictions in rendering for a static environment, the rendered content is blank.
WARNING: styles/compiled/Training template/sections/course.html rendered successfully, butdue to restrictions in rendering for a static environment, the rendered content is blank.
WARNING: styles/compiled/Training template/templates/system/membership-login.html rendered successfully, butdue to restrictions in rendering for a static environment, the rendered content is blank.
WARNING: styles/compiled/Training template/sections/event.html rendered successfully, butdue to restrictions in rendering for a static environment, the rendered content is blank.
WARNING: styles/compiled/Training template/sections/funfact.html rendered successfully, butdue to restrictions in rendering for a static environment, the rendered content is blank.
WARNING: styles/compiled/Training template/templates/instructor-details.html rendered successfully, butdue to restrictions in rendering for a static environment, the rendered content is blank.
WARNING: styles/compiled/Training template/templates/instructor.html rendered successfully, butdue to restrictions in rendering for a static environment, the rendered content is blank.
WARNING: styles/compiled/Training template/templates/course.html rendered successfully, butdue to restrictions in rendering for a static environment, the rendered content is blank.
WARNING: styles/compiled/Training template/templates/home.html rendered successfully, butdue to restrictions in rendering for a static environment, the rendered content is blank.
WARNING: styles/compiled/Training template/templates/contact.html rendered successfully, butdue to restrictions in rendering for a static environment, the rendered content is blank.
WARNING: styles/compiled/Training template/templates/partials/header.html rendered successfully, butdue to restrictions in rendering for a static environment, the rendered content is blank.
WARNING: styles/compiled/Training template/templates/system/404.html rendered successfully, butdue to restrictions in rendering for a static environment, the rendered content is blank.
WARNING: styles/compiled/Training template/templates/blog-index.html rendered successfully, butdue to restrictions in rendering for a static environment, the rendered content is blank.
WARNING: styles/compiled/Training template/templates/partials/header-no-navigation.html rendered successfully, butdue to restrictions in rendering for a static environment, the rendered content is blank.
WARNING: styles/compiled/Training template/templates/layouts/base.html rendered successfully, butdue to restrictions in rendering for a static environment, the rendered content is blank.
WARNING: styles/compiled/Training template/templates/system/500.html rendered successfully, butdue to restrictions in rendering for a static environment, the rendered content is blank.
WARNING: styles/compiled/Training template/sections/about.html rendered successfully, butdue to restrictions in rendering for a static environment, the rendered content is blank.
WARNING: styles/compiled/Training template/sections/testimonial.html rendered successfully, butdue to restrictions in rendering for a static environment, the rendered content is blank.
WARNING: styles/compiled/Training template/templates/system/backup-unsubscribe.html rendered successfully, butdue to restrictions in rendering for a static environment, the rendered content is blank.
WARNING: styles/compiled/Training template/templates/blog-post.html rendered successfully, butdue to restrictions in rendering for a static environment, the rendered content is blank.
WARNING: styles/compiled/Training template/templates/course-details.html rendered successfully, butdue to restrictions in rendering for a static environment, the rendered content is blank.
WARNING: styles/compiled/Training template/templates/event.html rendered successfully, butdue to restrictions in rendering for a static environment, the rendered content is blank.
WARNING: styles/compiled/Training template/templates/event-details.html rendered successfully, butdue to restrictions in rendering for a static environment, the rendered content is blank.
ERROR: styles/compiled/Training template/child.css could not berendered or exportedWARNING: styles/compiled/Training template/templates/system/membership-reset-password.html rendered successfully, butdue to restrictions in rendering for a static environment, the rendered content is blank.
WARNING: styles/compiled/Training template/templates/system/search-results.html rendered successfully, butdue to restrictions in rendering for a static environment, the rendered content is blank.
WARNING: styles/compiled/Training template/templates/system/subscriptions-confirmation.html rendered successfully, butdue to restrictions in rendering for a static environment, the rendered content is blank.
WARNING: styles/compiled/Training template/templates/system/membership-reset-password-request.html rendered successfully, butdue to restrictions in rendering for a static environment, the rendered content is blank.
WARNING: styles/compiled/Training template/sections/brand-logo.html rendered successfully, butdue to restrictions in rendering for a static environment, the rendered content is blank.
WARNING: styles/compiled/Training template/templates/partials/footer.html rendered successfully, butdue to restrictions in rendering for a static environment, the rendered content is blank.
WARNING: styles/compiled/Training template/sections/cta-box.html rendered successfully, butdue to restrictions in rendering for a static environment, the rendered content is blank.
WARNING: styles/compiled/Training template/sections/brand-logo-column-six.html rendered successfully, butdue to restrictions in rendering for a static environment, the rendered content is blank.
WARNING: styles/compiled/Training template/templates/system/password-prompt.html rendered successfully, butdue to restrictions in rendering for a static environment, the rendered content is blank.
WARNING: styles/compiled/Training template/sections/hero-banner.html rendered successfully, butdue to restrictions in rendering for a static environment, the rendered content is blank.
WARNING: styles/compiled/Training template/sections/instructor.html rendered successfully, butdue to restrictions in rendering for a static environment, the rendered content is blank.
WARNING: styles/compiled/Training template/sections/choose.html rendered successfully, butdue to restrictions in rendering for a static environment, the rendered content is blank.
WARNING: styles/compiled/Training template/sections/categorie.html rendered successfully, butdue to restrictions in rendering for a static environment, the rendered content is blank.
WARNING: styles/compiled/Training template/sections/contact.html rendered successfully, butdue to restrictions in rendering for a static environment, the rendered content is blank.
WARNING: styles/compiled/Training template/sections/faq.html rendered successfully, butdue to restrictions in rendering for a static environment, the rendered content is blank.
WARNING: styles/compiled/@marketplace/MagicalMtas/EduMind/sections/testimonial.html rendered successfully, butdue to restrictions in rendering for a static environment, the rendered content is blank.
WARNING: styles/compiled/@marketplace/MagicalMtas/EduMind/sections/faq.html rendered successfully, butdue to restrictions in rendering for a static environment, the rendered content is blank.
WARNING: styles/compiled/@marketplace/MagicalMtas/EduMind/sections/instructor.html rendered successfully, butdue to restrictions in rendering for a static environment, the rendered content is blank.
WARNING: styles/compiled/@marketplace/MagicalMtas/EduMind/sections/choose.html rendered successfully, butdue to restrictions in rendering for a static environment, the rendered content is blank.
WARNING: styles/compiled/@marketplace/MagicalMtas/EduMind/sections/hero-banner.html rendered successfully, butdue to restrictions in rendering for a static environment, the rendered content is blank.
WARNING: styles/compiled/@marketplace/MagicalMtas/EduMind/templates/about.html rendered successfully, butdue to restrictions in rendering for a static environment, the rendered content is blank.
WARNING: styles/compiled/@marketplace/MagicalMtas/EduMind/templates/instructor-details.html rendered successfully, butdue to restrictions in rendering for a static environment, the rendered content is blank.
WARNING: styles/compiled/@marketplace/MagicalMtas/EduMind/templates/event-details.html rendered successfully, butdue to restrictions in rendering for a static environment, the rendered content is blank.
WARNING: styles/compiled/@marketplace/MagicalMtas/EduMind/templates/landing-page.html rendered successfully, butdue to restrictions in rendering for a static environment, the rendered content is blank.
WARNING: styles/compiled/@marketplace/MagicalMtas/EduMind/templates/layouts/base.html rendered successfully, butdue to restrictions in rendering for a static environment, the rendered content is blank.
WARNING: styles/compiled/@marketplace/MagicalMtas/EduMind/templates/event.html rendered successfully, butdue to restrictions in rendering for a static environment, the rendered content is blank.
WARNING: styles/compiled/@marketplace/MagicalMtas/EduMind/templates/system/500.html rendered successfully, butdue to restrictions in rendering for a static environment, the rendered content is blank.
WARNING: styles/compiled/@marketplace/MagicalMtas/EduMind/templates/system/search-results.html rendered successfully, butdue to restrictions in rendering for a static environment, the rendered content is blank.
WARNING: styles/compiled/@marketplace/MagicalMtas/EduMind/templates/system/password-prompt.html rendered successfully, butdue to restrictions in rendering for a static environment, the rendered content is blank.
WARNING: styles/compiled/@marketplace/MagicalMtas/EduMind/sections/categorie.html rendered successfully, butdue to restrictions in rendering for a static environment, the rendered content is blank.
WARNING: styles/compiled/@marketplace/MagicalMtas/EduMind/sections/about.html rendered successfully, butdue to restrictions in rendering for a static environment, the rendered content is blank.
WARNING: styles/compiled/@marketplace/MagicalMtas/EduMind/sections/cta-banner.html rendered successfully, butdue to restrictions in rendering for a static environment, the rendered content is blank.
WARNING: styles/compiled/@marketplace/MagicalMtas/EduMind/sections/breadcrumb.html rendered successfully, butdue to restrictions in rendering for a static environment, the rendered content is blank.
WARNING: styles/compiled/@marketplace/MagicalMtas/EduMind/sections/landing-form.html rendered successfully, butdue to restrictions in rendering for a static environment, the rendered content is blank.
WARNING: styles/compiled/@marketplace/MagicalMtas/EduMind/templates/course-details.html rendered successfully, butdue to restrictions in rendering for a static environment, the rendered content is blank.
WARNING: styles/compiled/@marketplace/MagicalMtas/EduMind/templates/partials/header-no-navigation.html rendered successfully, butdue to restrictions in rendering for a static environment, the rendered content is blank.
WARNING: styles/compiled/@marketplace/MagicalMtas/EduMind/templates/course.html rendered successfully, butdue to restrictions in rendering for a static environment, the rendered content is blank.
WARNING: styles/compiled/@marketplace/MagicalMtas/EduMind/templates/system/subscriptions-confirmation.html rendered successfully, butdue to restrictions in rendering for a static environment, the rendered content is blank.
WARNING: styles/compiled/@marketplace/MagicalMtas/EduMind/templates/system/membership-login.html rendered successfully, butdue to restrictions in rendering for a static environment, the rendered content is blank.
WARNING: styles/compiled/@marketplace/MagicalMtas/EduMind/templates/system/subscription-preferences.html rendered successfully, butdue to restrictions in rendering for a static environment, the rendered content is blank.
WARNING: styles/compiled/@marketplace/MagicalMtas/EduMind/sections/funfact.html rendered successfully, butdue to restrictions in rendering for a static environment, the rendered content is blank.
WARNING: styles/compiled/@marketplace/MagicalMtas/EduMind/sections/cta-box.html rendered successfully, butdue to restrictions in rendering for a static environment, the rendered content is blank.
WARNING: styles/compiled/@marketplace/MagicalMtas/EduMind/sections/brand-logo.html rendered successfully, butdue to restrictions in rendering for a static environment, the rendered content is blank.
WARNING: styles/compiled/@marketplace/MagicalMtas/EduMind/sections/funfact-with-icon.html rendered successfully, butdue to restrictions in rendering for a static environment, the rendered content is blank.
WARNING: styles/compiled/@marketplace/MagicalMtas/EduMind/sections/brand-logo-column-six.html rendered successfully, butdue to restrictions in rendering for a static environment, the rendered content is blank.
WARNING: styles/compiled/@marketplace/MagicalMtas/EduMind/sections/contact.html rendered successfully, butdue to restrictions in rendering for a static environment, the rendered content is blank.
WARNING: styles/compiled/@marketplace/MagicalMtas/EduMind/sections/course.html rendered successfully, butdue to restrictions in rendering for a static environment, the rendered content is blank.
WARNING: styles/compiled/@marketplace/MagicalMtas/EduMind/sections/event.html rendered successfully, butdue to restrictions in rendering for a static environment, the rendered content is blank.
WARNING: styles/compiled/@marketplace/MagicalMtas/EduMind/templates/blog-index.html rendered successfully, butdue to restrictions in rendering for a static environment, the rendered content is blank.
WARNING: styles/compiled/@marketplace/MagicalMtas/EduMind/templates/instructor.html rendered successfully, butdue to restrictions in rendering for a static environment, the rendered content is blank.
WARNING: styles/compiled/@marketplace/MagicalMtas/EduMind/templates/partials/footer.html rendered successfully, butdue to restrictions in rendering for a static environment, the rendered content is blank.
WARNING: styles/compiled/@marketplace/MagicalMtas/EduMind/templates/partials/header.html rendered successfully, butdue to restrictions in rendering for a static environment, the rendered content is blank.
WARNING: styles/compiled/@marketplace/MagicalMtas/EduMind/templates/home.html rendered successfully, butdue to restrictions in rendering for a static environment, the rendered content is blank.
WARNING: styles/compiled/@marketplace/MagicalMtas/EduMind/templates/contact.html rendered successfully, butdue to restrictions in rendering for a static environment, the rendered content is blank.
WARNING: styles/compiled/@marketplace/MagicalMtas/EduMind/templates/blog-post.html rendered successfully, butdue to restrictions in rendering for a static environment, the rendered content is blank.
WARNING: styles/compiled/@marketplace/MagicalMtas/EduMind/templates/system/membership-register.html rendered successfully, butdue to restrictions in rendering for a static environment, the rendered content is blank.
WARNING: styles/compiled/@marketplace/MagicalMtas/EduMind/templates/system/backup-unsubscribe.html rendered successfully, butdue to restrictions in rendering for a static environment, the rendered content is blank.
WARNING: styles/compiled/@marketplace/MagicalMtas/EduMind/templates/system/membership-reset-password-request.html rendered successfully, butdue to restrictions in rendering for a static environment, the rendered content is blank.
WARNING: styles/compiled/@marketplace/MagicalMtas/EduMind/templates/system/404.html rendered successfully, butdue to restrictions in rendering for a static environment, the rendered content is blank.
WARNING: styles/compiled/@marketplace/MagicalMtas/EduMind/templates/system/membership-reset-password.html rendered successfully, butdue to restrictions in rendering for a static environment, the rendered content is blank.
ERROR: styles/compiled/EduMind 2-Child/child.css could not berendered or exportedWARNING: styles/compiled/EduMind 2-Child/templates/system/404.html rendered successfully, butdue to restrictions in rendering for a static environment, the rendered content is blank.
WARNING: styles/compiled/EduMind 2-Child/templates/course.html rendered successfully, butdue to restrictions in rendering for a static environment, the rendered content is blank.
WARNING: styles/compiled/EduMind 2-Child/templates/home.html rendered successfully, butdue to restrictions in rendering for a static environment, the rendered content is blank.
WARNING: styles/compiled/EduMind 2-Child/templates/contact.html rendered successfully, butdue to restrictions in rendering for a static environment, the rendered content is blank.
WARNING: styles/compiled/EduMind 2-Child/templates/system/membership-register.html rendered successfully, butdue to restrictions in rendering for a static environment, the rendered content is blank.
WARNING: styles/compiled/EduMind 2-Child/templates/partials/header.html rendered successfully, butdue to restrictions in rendering for a static environment, the rendered content is blank.
WARNING: styles/compiled/EduMind 2-Child/templates/system/membership-reset-password-request.html rendered successfully, butdue to restrictions in rendering for a static environment, the rendered content is blank.
WARNING: styles/compiled/EduMind 2-Child/templates/partials/header-no-navigation.html rendered successfully, butdue to restrictions in rendering for a static environment, the rendered content is blank.
WARNING: styles/compiled/EduMind 2-Child/templates/system/backup-unsubscribe.html rendered successfully, butdue to restrictions in rendering for a static environment, the rendered content is blank.
WARNING: styles/compiled/EduMind 2-Child/templates/partials/footer.html rendered successfully, butdue to restrictions in rendering for a static environment, the rendered content is blank.
WARNING: styles/compiled/EduMind 2-Child/templates/system/password-prompt.html rendered successfully, butdue to restrictions in rendering for a static environment, the rendered content is blank.
WARNING: styles/compiled/EduMind 2-Child/templates/system/membership-login.html rendered successfully, butdue to restrictions in rendering for a static environment, the rendered content is blank.
WARNING: styles/compiled/EduMind 2-Child/templates/event-details.html rendered successfully, butdue to restrictions in rendering for a static environment, the rendered content is blank.
WARNING: styles/compiled/EduMind 2-Child/templates/instructor-details.html rendered successfully, butdue to restrictions in rendering for a static environment, the rendered content is blank.
WARNING: styles/compiled/EduMind 2-Child/templates/system/subscriptions-confirmation.html rendered successfully, butdue to restrictions in rendering for a static environment, the rendered content is blank.
WARNING: styles/compiled/EduMind 2-Child/templates/blog-post.html rendered successfully, butdue to restrictions in rendering for a static environment, the rendered content is blank.
WARNING: styles/compiled/EduMind 2-Child/templates/system/subscription-preferences.html rendered successfully, butdue to restrictions in rendering for a static environment, the rendered content is blank.
WARNING: styles/compiled/EduMind 2-Child/templates/blog-index.html rendered successfully, butdue to restrictions in rendering for a static environment, the rendered content is blank.
WARNING: styles/compiled/EduMind 2-Child/templates/system/500.html rendered successfully, butdue to restrictions in rendering for a static environment, the rendered content is blank.
WARNING: styles/compiled/EduMind 2-Child/templates/system/membership-reset-password.html rendered successfully, butdue to restrictions in rendering for a static environment, the rendered content is blank.
WARNING: styles/compiled/EduMind 2-Child/templates/course-details.html rendered successfully, butdue to restrictions in rendering for a static environment, the rendered content is blank.
WARNING: styles/compiled/EduMind 2-Child/templates/event.html rendered successfully, butdue to restrictions in rendering for a static environment, the rendered content is blank.
WARNING: styles/compiled/EduMind 2-Child/templates/instructor.html rendered successfully, butdue to restrictions in rendering for a static environment, the rendered content is blank.
WARNING: styles/compiled/EduMind 2-Child/templates/about.html rendered successfully, butdue to restrictions in rendering for a static environment, the rendered content is blank.
WARNING: styles/compiled/EduMind 2-Child/templates/system/search-results.html rendered successfully, butdue to restrictions in rendering for a static environment, the rendered content is blank.
WARNING: styles/compiled/EduMind 2-Child/templates/landing-page.html rendered successfully, butdue to restrictions in rendering for a static environment, the rendered content is blank.
WARNING: styles/compiled/EduMind 2-Child/templates/layouts/base.html rendered successfully, butdue to restrictions in rendering for a static environment, the rendered content is blank.
WARNING: styles/compiled/@marketplace/Sprocket_Rocket/sr-theme-free/templates/sections/Testimonial Section.html rendered successfully, butdue to restrictions in rendering for a static environment, the rendered content is blank.
WARNING: styles/compiled/@marketplace/Sprocket_Rocket/sr-theme-free/templates/Sprocket_Rocket_Blog_Post.html rendered successfully, butdue to restrictions in rendering for a static environment, the rendered content is blank.
WARNING: styles/compiled/@marketplace/Sprocket_Rocket/sr-theme-free/templates/variables.html rendered successfully, butdue to restrictions in rendering for a static environment, the rendered content is blank.
WARNING: styles/compiled/@marketplace/Sprocket_Rocket/sr-theme-free/templates/sections/Proof Section.html rendered successfully, butdue to restrictions in rendering for a static environment, the rendered content is blank.
WARNING: styles/compiled/@marketplace/Sprocket_Rocket/sr-theme-free/templates/Sprocket_Rocket_Blog_Listing.html rendered successfully, butdue to restrictions in rendering for a static environment, the rendered content is blank.
WARNING: styles/compiled/@marketplace/Sprocket_Rocket/sr-theme-free/templates/footer-includes.html rendered successfully, butdue to restrictions in rendering for a static environment, the rendered content is blank.
WARNING: styles/compiled/@marketplace/Sprocket_Rocket/sr-theme-free/templates/partials/variables.html rendered successfully, butdue to restrictions in rendering for a static environment, the rendered content is blank.
WARNING: styles/compiled/@marketplace/Sprocket_Rocket/sr-theme-free/templates/partials/site_header.html rendered successfully, butdue to restrictions in rendering for a static environment, the rendered content is blank.
WARNING: styles/compiled/@marketplace/Sprocket_Rocket/sr-theme-free/templates/partials/header.html rendered successfully, butdue to restrictions in rendering for a static environment, the rendered content is blank.
WARNING: styles/compiled/@marketplace/Sprocket_Rocket/sr-theme-free/templates/SR Landing Page.html rendered successfully, butdue to restrictions in rendering for a static environment, the rendered content is blank.
WARNING: styles/compiled/@marketplace/Sprocket_Rocket/sr-theme-free/templates/dnd_page.html rendered successfully, butdue to restrictions in rendering for a static environment, the rendered content is blank.
WARNING: styles/compiled/@marketplace/Sprocket_Rocket/sr-theme-free/templates/Sprocket_Rocket_Thank_You.html rendered successfully, butdue to restrictions in rendering for a static environment, the rendered content is blank.
WARNING: styles/compiled/@marketplace/Sprocket_Rocket/sr-theme-free/templates/blog/partials/blog_footer.html rendered successfully, butdue to restrictions in rendering for a static environment, the rendered content is blank.
WARNING: styles/compiled/@marketplace/Sprocket_Rocket/sr-theme-free/templates/blogv2/partials/blog_footer.html rendered successfully, butdue to restrictions in rendering for a static environment, the rendered content is blank.
WARNING: styles/compiled/@marketplace/Sprocket_Rocket/sr-theme-free/templates/blogv2/sr-blog-single.html rendered successfully, butdue to restrictions in rendering for a static environment, the rendered content is blank.
WARNING: styles/compiled/@marketplace/Sprocket_Rocket/sr-theme-free/templates/blogv2/sr-blog-listing.html rendered successfully, butdue to restrictions in rendering for a static environment, the rendered content is blank.
WARNING: styles/compiled/@marketplace/Sprocket_Rocket/sr-theme-free/templates/sections/Hero Section.html rendered successfully, butdue to restrictions in rendering for a static environment, the rendered content is blank.
WARNING: styles/compiled/@marketplace/Sprocket_Rocket/sr-theme-free/templates/SR Subscription Preferences.html rendered successfully, butdue to restrictions in rendering for a static environment, the rendered content is blank.
WARNING: styles/compiled/@marketplace/Sprocket_Rocket/sr-theme-free/templates/sections/Offer Section.html rendered successfully, butdue to restrictions in rendering for a static environment, the rendered content is blank.
WARNING: styles/compiled/@marketplace/Sprocket_Rocket/sr-theme-free/templates/sections/Column Section.html rendered successfully, butdue to restrictions in rendering for a static environment, the rendered content is blank.
WARNING: styles/compiled/@marketplace/Sprocket_Rocket/sr-theme-free/templates/SR Thank You 02.html rendered successfully, butdue to restrictions in rendering for a static environment, the rendered content is blank.
WARNING: styles/compiled/@marketplace/Sprocket_Rocket/sr-theme-free/templates/partials/footer-includes.html rendered successfully, butdue to restrictions in rendering for a static environment, the rendered content is blank.
WARNING: styles/compiled/@marketplace/Sprocket_Rocket/sr-theme-free/templates/SR Error 500.html rendered successfully, butdue to restrictions in rendering for a static environment, the rendered content is blank.
WARNING: styles/compiled/@marketplace/Sprocket_Rocket/sr-theme-free/templates/Sprocket_Rocket_Landing_Page.html rendered successfully, butdue to restrictions in rendering for a static environment, the rendered content is blank.
WARNING: styles/compiled/@marketplace/Sprocket_Rocket/sr-theme-free/templates/SR Backup Unsubscribe.html rendered successfully, butdue to restrictions in rendering for a static environment, the rendered content is blank.
WARNING: styles/compiled/@marketplace/Sprocket_Rocket/sr-theme-free/templates/header.html rendered successfully, butdue to restrictions in rendering for a static environment, the rendered content is blank.
WARNING: styles/compiled/@marketplace/Sprocket_Rocket/sr-theme-free/templates/blog/sr-blog-listing.html rendered successfully, butdue to restrictions in rendering for a static environment, the rendered content is blank.
WARNING: styles/compiled/@marketplace/Sprocket_Rocket/sr-theme-free/templates/blog/partials/blog_tag.html rendered successfully, butdue to restrictions in rendering for a static environment, the rendered content is blank.
WARNING: styles/compiled/@marketplace/Sprocket_Rocket/sr-theme-free/templates/Sprocket_Rocket_Modules.html rendered successfully, butdue to restrictions in rendering for a static environment, the rendered content is blank.
WARNING: styles/compiled/@marketplace/Sprocket_Rocket/sr-theme-free/templates/blogv2/partials/blog_tag.html rendered successfully, butdue to restrictions in rendering for a static environment, the rendered content is blank.
WARNING: styles/compiled/@marketplace/Sprocket_Rocket/sr-theme-free/templates/blogv2/partials/blog_header.html rendered successfully, butdue to restrictions in rendering for a static environment, the rendered content is blank.
WARNING: styles/compiled/@marketplace/Sprocket_Rocket/sr-theme-free/templates/blogv2/partials/blog_all.html rendered successfully, butdue to restrictions in rendering for a static environment, the rendered content is blank.
WARNING: styles/compiled/@marketplace/Sprocket_Rocket/sr-theme-free/templates/SR Thank You.html rendered successfully, butdue to restrictions in rendering for a static environment, the rendered content is blank.
WARNING: styles/compiled/@marketplace/Sprocket_Rocket/sr-theme-free/templates/blogv2/partials/blog_author.html rendered successfully, butdue to restrictions in rendering for a static environment, the rendered content is blank.
WARNING: styles/compiled/@marketplace/Sprocket_Rocket/sr-theme-free/templates/SR Search Results.html rendered successfully, butdue to restrictions in rendering for a static environment, the rendered content is blank.
WARNING: styles/compiled/@marketplace/Sprocket_Rocket/sr-theme-free/templates/SR Error 404.html rendered successfully, butdue to restrictions in rendering for a static environment, the rendered content is blank.
WARNING: styles/compiled/@marketplace/Sprocket_Rocket/sr-theme-free/templates/partials/site_footer.html rendered successfully, butdue to restrictions in rendering for a static environment, the rendered content is blank.
WARNING: styles/compiled/@marketplace/Sprocket_Rocket/sr-theme-free/templates/SR Password.html rendered successfully, butdue to restrictions in rendering for a static environment, the rendered content is blank.
WARNING: styles/compiled/@marketplace/Sprocket_Rocket/sr-theme-free/templates/macros.html rendered successfully, butdue to restrictions in rendering for a static environment, the rendered content is blank.
WARNING: styles/compiled/@marketplace/Sprocket_Rocket/sr-theme-free/templates/SR Subscriptions Update Confirmation.html rendered successfully, butdue to restrictions in rendering for a static environment, the rendered content is blank.
WARNING: styles/compiled/@marketplace/Sprocket_Rocket/sr-theme-free/templates/blog/sr-blog-single.html rendered successfully, butdue to restrictions in rendering for a static environment, the rendered content is blank.
WARNING: styles/compiled/@marketplace/Sprocket_Rocket/sr-theme-free/templates/blog/partials/blog_author.html rendered successfully, butdue to restrictions in rendering for a static environment, the rendered content is blank.
WARNING: styles/compiled/@marketplace/Sprocket_Rocket/sr-theme-free/templates/blog/partials/blog_header.html rendered successfully, butdue to restrictions in rendering for a static environment, the rendered content is blank.
ERROR: styles/compiled/@marketplace/Sprocket_Rocket/sr-theme-free/css/custom-styles.css could not berendered or exportedERROR: styles/compiled/@marketplace/Sprocket_Rocket/sr-theme-free/css/_theme.css could not berendered or exportedERROR: styles/compiled/@marketplace/Sprocket_Rocket/sr-theme-free/css/_fonts.css could not berendered or exported